2025-07-30 19:36:24 - INFO - Запуск сервиса обучения моделей
2025-07-30 19:36:25 - INFO - Добавлена в очередь модель ID 49
2025-07-30 19:36:25 - INFO - Добавлена в очередь модель ID 50
2025-07-30 19:36:25 - INFO - Начало обработки модели ID 49
2025-07-30 19:36:25 - INFO - Начало обработки модели ID 50
2025-07-30 19:36:25 - INFO - Обработка модели: requests_total_easy (v1.0)
2025-07-30 19:36:25 - INFO - Обработка модели: requests_total_hard (v1.0)
2025-07-30 19:36:25 - INFO - Слушатель уведомлений запущен
2025-07-30 19:36:25 - INFO - Используется метрика: requests_total
2025-07-30 19:36:26 - INFO - Получено 61 точек данных
2025-07-30 19:36:26 - INFO - Используются ручные гиперпараметры
2025-07-30 19:36:26 - INFO - Запуск обучения модели...
2025-07-30 19:36:26 - INFO - Начало обучения модели requests_total_easy
2025-07-30 19:36:26 - INFO - Используется метрика: requests_total
2025-07-30 19:36:26 - INFO - Получено 61 точек данных
2025-07-30 19:36:26 - INFO - Запуск обучения модели...
2025-07-30 19:36:26 - INFO - Начало обучения модели requests_total_hard
2025-07-30 19:36:26 - INFO - Запуск подбора гиперпараметров с помощью Optuna
2025-07-30 19:36:35 - INFO - Обучение модели requests_total_easy завершено
2025-07-30 19:36:35 - INFO - Обучение успешно завершено
2025-07-30 19:36:35 - INFO - Модель успешно сохранена
2025-07-30 19:36:36 - INFO - Модель 50 успешно обработана
2025-07-30 19:38:58 - INFO - Обучение модели requests_total_hard завершено
2025-07-30 19:38:58 - INFO - Обучение успешно завершено
2025-07-30 19:38:58 - INFO - Модель успешно сохранена
2025-07-30 19:38:58 - INFO - Модель 49 успешно обработана
